

Microchip MPLAB XC8 Assembler V2.31 build 20201012212115 
                                                                                               Mon Nov 08 00:53:22 2021

Microchip MPLAB XC8 C Compiler v2.31 (Free license) build 20201012212115 Og1 
     1                           	processor	18F4620
     2                           	fnconf	rparam,??,?,0
     3                           	pagewidth 120
     4                           	opt	flic
     5                           	psect	idataCOMRAM,global,class=CODE,delta=1,noexec
     6                           	psect	nvCOMRAM,global,class=COMRAM,space=1,delta=1,lowdata,noexec
     7                           	psect	cinit,global,reloc=2,class=CODE,delta=1
     8                           	psect	bssCOMRAM,global,class=COMRAM,space=1,delta=1,lowdata,noexec
     9                           	psect	dataCOMRAM,global,class=COMRAM,space=1,delta=1,lowdata,noexec
    10                           	psect	cstackCOMRAM,global,class=COMRAM,space=1,delta=1,lowdata,noexec
    11                           	psect	text0,global,reloc=2,class=CODE,delta=1
    12                           	psect	text1,global,reloc=2,class=CODE,delta=1
    13                           	psect	text2,global,reloc=2,class=CODE,delta=1
    14                           	psect	text3,global,reloc=2,class=CODE,delta=1
    15                           	psect	intcode,global,reloc=2,class=CODE,delta=1
    16                           	psect	intcode_body,global,reloc=2,class=CODE,delta=1
    17                           	psect	intsave_regs,global,class=BIGRAM,space=1,delta=1,noexec
    18                           	psect	rparam,global,class=COMRAM,space=1,delta=1,noexec
    19                           	psect	temp,global,ovrld,common,class=COMRAM,space=1,delta=1
    20                           	psect	idloc,global,abs,ovrld,class=IDLOC,space=5,delta=1,noexec
    21                           	psect	config,global,abs,ovrld,class=CONFIG,space=4,delta=1,noexec
    22  0000                     
    23                           ; Version 2.20
    24                           ; Generated 12/02/2020 GMT
    25                           ; 
    26                           ; Copyright © 2020, Microchip Technology Inc. and its subsidiaries ("Microchip")
    27                           ; All rights reserved.
    28                           ; 
    29                           ; This software is developed by Microchip Technology Inc. and its subsidiaries ("Microch
      +                          ip").
    30                           ; 
    31                           ; Redistribution and use in source and binary forms, with or without modification, are
    32                           ; permitted provided that the following conditions are met:
    33                           ; 
    34                           ;     1. Redistributions of source code must retain the above copyright notice, this lis
      +                          t of
    35                           ;        conditions and the following disclaimer.
    36                           ; 
    37                           ;     2. Redistributions in binary form must reproduce the above copyright notice, this 
      +                          list
    38                           ;        of conditions and the following disclaimer in the documentation and/or other
    39                           ;        materials provided with the distribution.
    40                           ; 
    41                           ;     3. Microchip's name may not be used to endorse or promote products derived from th
      +                          is
    42                           ;        software without specific prior written permission.
    43                           ; 
    44                           ; THIS SOFTWARE IS PROVIDED BY MICROCHIP "AS IS" AND ANY EXPRESS OR IMPLIED WARRANTIES,
    45                           ; INCLUDING, BUT NOT LIMITED TO, THE IMPLIED WARRANTIES OF MERCHANTABILITY AND FITNESS F
      +                          OR
    46                           ; PURPOSE ARE DISCLAIMED.  IN NO EVENT SHALL MICROCHIP BE LIABLE FOR ANY DIRECT, INDIREC
      +                          T,
    47                           ; INCIDENTAL, SPECIAL, EXEMPLARY, OR CONSEQUENTIAL DAMAGES (INCLUDING BUT NOT LIMITED TO
    48                           ; PROCUREMENT OF SUBSTITUTE GOODS OR SERVICES; LOSS OF USE, DATA OR PROFITS; OR BUSINESS
    49                           ; INTERRUPTION) HOWSOEVER CAUSED AND ON ANY THEORY OF LIABILITY, WHETHER IN CONTRACT, ST
      +                          RICT
    50                           ; LIABILITY, OR TORT (INCLUDING NEGLIGENCE OR OTHERWISE) ARISING IN ANY WAY OUT OF THE U
      +                          SE OF
    51                           ; THIS SOFTWARE, EVEN IF ADVISED OF THE POSSIBILITY OF SUCH DAMAGE.
    52                           ; 
    53                           ; 
    54                           ; Code-generator required, PIC18F4620 Definitions
    55                           ; 
    56                           ; SFR Addresses
    57  0000                     
    58                           	psect	idataCOMRAM
    59  000AC6                     __pidataCOMRAM:
    60                           	callstack 0
    61                           
    62                           ;initializer for _ccp_compare_val_final
    63  000AC6  0B18               	dw	2840
    64                           
    65                           ;initializer for _LAST_BUTTON_PRESSED
    66  000AC8  07                 	db	7
    67                           
    68                           ;initializer for _current_func_set
    69  000AC9  30                 	db	48
    70                           
    71                           ;initializer for _current_entry_mode
    72  000ACA  06                 	db	6
    73                           
    74                           ;initializer for _disp_16x2
    75  000ACB  01                 	db	1
    76                           
    77                           ;initializer for _current_disp_ctrl
    78  000ACC  08                 	db	8
    79                           
    80                           	psect	nvCOMRAM
    81  000014                     __pnvCOMRAM:
    82                           	callstack 0
    83  000014                     _reset_comp_count_flag:
    84                           	callstack 0
    85  000014                     	ds	1
    86  0000                     _CCPR2	set	4027
    87  0000                     _CCPR1	set	4030
    88  0000                     _PORTBbits	set	3969
    89  0000                     _INTCONbits	set	4082
    90  0000                     _PORTB	set	3969
    91  0000                     _TRISB	set	3987
    92  0000                     _ADCON1	set	4033
    93  0000                     _PIR1bits	set	3998
    94  0000                     _T3CON	set	4017
    95  0000                     _T1CON	set	4045
    96  0000                     _PORTC	set	3970
    97  0000                     _PORTD	set	3971
    98  0000                     _TRISC	set	3988
    99  0000                     _PORTDbits	set	3971
   100  0000                     _TRISD	set	3989
   101  0000                     _LATCbits	set	3979
   102  0000                     _PIE2bits	set	4000
   103  0000                     _CCP2CON	set	4026
   104  0000                     _PIE1bits	set	3997
   105  0000                     _CCP1CON	set	4029
   106                           
   107                           ; #config settings
   108                           
   109                           	psect	cinit
   110  000A66                     __pcinit:
   111                           	callstack 0
   112  000A66                     start_initialization:
   113                           	callstack 0
   114  000A66                     __initialization:
   115                           	callstack 0
   116                           
   117                           ; Initialize objects allocated to COMRAM (7 bytes)
   118                           ; load TBLPTR registers with __pidataCOMRAM
   119  000A66  0EC6               	movlw	low __pidataCOMRAM
   120  000A68  6EF6               	movwf	tblptrl,c
   121  000A6A  0E0A               	movlw	high __pidataCOMRAM
   122  000A6C  6EF7               	movwf	tblptrh,c
   123  000A6E  0E00               	movlw	low (__pidataCOMRAM shr (0+16))
   124  000A70  6EF8               	movwf	tblptru,c
   125  000A72  EE00  F001         	lfsr	0,__pdataCOMRAM
   126  000A76  EE10 F007          	lfsr	1,7
   127  000A7A                     copy_data0:
   128  000A7A  0009               	tblrd		*+
   129  000A7C  CFF5 FFEE          	movff	tablat,postinc0
   130  000A80  50E5               	movf	postdec1,w,c
   131  000A82  50E1               	movf	fsr1l,w,c
   132  000A84  E1FA               	bnz	copy_data0
   133                           
   134                           ; Clear objects allocated to COMRAM (6 bytes)
   135  000A86  6A0D               	clrf	(__pbssCOMRAM+5)& (0+255),c
   136  000A88  6A0C               	clrf	(__pbssCOMRAM+4)& (0+255),c
   137  000A8A  6A0B               	clrf	(__pbssCOMRAM+3)& (0+255),c
   138  000A8C  6A0A               	clrf	(__pbssCOMRAM+2)& (0+255),c
   139  000A8E  6A09               	clrf	(__pbssCOMRAM+1)& (0+255),c
   140  000A90  6A08               	clrf	__pbssCOMRAM& (0+255),c
   141  000A92                     end_of_initialization:
   142                           	callstack 0
   143  000A92                     __end_of__initialization:
   144                           	callstack 0
   145  000A92  9015               	bcf	int$flags,0,c	;clear compiler interrupt flag (level 1)
   146  000A94  9215               	bcf	int$flags,1,c	;clear compiler interrupt flag (level 2)
   147  000A96  0E00               	movlw	low (__Lmediumconst shr (0+16))
   148  000A98  6EF8               	movwf	tblptru,c
   149  000A9A  0100               	movlb	0
   150  000A9C  EF09  F004         	goto	_main	;jump to C main() function
   151                           
   152                           	psect	bssCOMRAM
   153  000008                     __pbssCOMRAM:
   154                           	callstack 0
   155  000008                     _compare_count:
   156                           	callstack 0
   157  000008                     	ds	1
   158  000009                     _address_counter:
   159                           	callstack 0
   160  000009                     	ds	1
   161  00000A                     	ds	1
   162  00000B                     _init_complete:
   163                           	callstack 0
   164  00000B                     	ds	1
   165  00000C                     _DISP_BIT_MODE:
   166                           	callstack 0
   167  00000C                     	ds	1
   168  00000D                     _CURRENT_DISP:
   169                           	callstack 0
   170  00000D                     	ds	1
   171                           
   172                           	psect	dataCOMRAM
   173  000001                     __pdataCOMRAM:
   174                           	callstack 0
   175  000001                     _ccp_compare_val_final:
   176                           	callstack 0
   177  000001                     	ds	2
   178  000003                     _LAST_BUTTON_PRESSED:
   179                           	callstack 0
   180  000003                     	ds	1
   181  000004                     _current_func_set:
   182                           	callstack 0
   183  000004                     	ds	1
   184  000005                     _current_entry_mode:
   185                           	callstack 0
   186  000005                     	ds	1
   187  000006                     	ds	1
   188  000007                     _current_disp_ctrl:
   189                           	callstack 0
   190  000007                     	ds	1
   191                           
   192                           	psect	cstackCOMRAM
   193  00000E                     __pcstackCOMRAM:
   194                           	callstack 0
   195  00000E                     CCP1_Init_Default@comp_val:
   196                           	callstack 0
   197                           
   198                           ; 2 bytes @ 0x0
   199  00000E                     	ds	2
   200  000010                     Timer1_Init_Default@period_val:
   201                           	callstack 0
   202                           
   203                           ; 2 bytes @ 0x2
   204  000010                     	ds	2
   205  000012                     ??_main:
   206                           
   207                           ; 1 bytes @ 0x4
   208  000012                     	ds	2
   209                           
   210 ;;
   211 ;;Main: autosize = 0, tempsize = 2, incstack = 0, save=0
   212 ;;
   213 ;; *************** function _main *****************
   214 ;; Defined at:
   215 ;;		line 149 in file "ece376_hw9_ccp_comp.c"
   216 ;; Parameters:    Size  Location     Type
   217 ;;		None
   218 ;; Auto vars:     Size  Location     Type
   219 ;;		None
   220 ;; Return value:  Size  Location     Type
   221 ;;                  1    wreg      void 
   222 ;; Registers used:
   223 ;;		wreg, status,2, status,0, cstack
   224 ;; Tracked objects:
   225 ;;		On entry : 0/0
   226 ;;		On exit  : 0/0
   227 ;;		Unchanged: 0/0
   228 ;; Data sizes:     COMRAM   BANK0   BANK1   BANK2   BANK3   BANK4   BANK5   BANK6   BANK7   BANK8   BANK9  BANK10  BANK1
      +1  BANK12  BANK13  BANK14  BANK15
   229 ;;      Params:         0       0       0       0       0       0       0       0       0       0       0       0       
      +0       0       0       0       0
   230 ;;      Locals:         0       0       0       0       0       0       0       0       0       0       0       0       
      +0       0       0       0       0
   231 ;;      Temps:          2       0       0       0       0       0       0       0       0       0       0       0       
      +0       0       0       0       0
   232 ;;      Totals:         2       0       0       0       0       0       0       0       0       0       0       0       
      +0       0       0       0       0
   233 ;;Total ram usage:        2 bytes
   234 ;; Hardware stack levels required when called:    3
   235 ;; This function calls:
   236 ;;		_Timer1_Enable
   237 ;;		_Timer1_Init_Default
   238 ;; This function is called by:
   239 ;;		Startup code after reset
   240 ;; This function uses a non-reentrant model
   241 ;;
   242                           
   243                           	psect	text0
   244  000812                     __ptext0:
   245                           	callstack 0
   246  000812                     _main:
   247                           	callstack 28
   248  000812                     
   249                           ;ece376_hw9_ccp_comp.c: 152:  TRISC &= 0xFE;
   250  000812  9094               	bcf	148,0,c	;volatile
   251  000814                     
   252                           ;ece376_hw9_ccp_comp.c: 154:  ADCON1 |= 0x0F;
   253  000814  0E0F               	movlw	15
   254  000816  12C1               	iorwf	193,f,c	;volatile
   255  000818                     
   256                           ;ece376_hw9_ccp_comp.c: 155:  TRISB = 0xFF;
   257  000818  6893               	setf	147,c	;volatile
   258  00081A                     
   259                           ;ece376_hw9_ccp_comp.c: 156:     PORTB = 0x00;
   260  00081A  0E00               	movlw	0
   261  00081C  6E81               	movwf	129,c	;volatile
   262  00081E                     
   263                           ;ece376_hw9_ccp_comp.c: 164:  Timer1_Init_Default(0xFFFF);
   264  00081E  0EFF               	movlw	255
   265  000820  6E11               	movwf	(Timer1_Init_Default@period_val+1)^0,c
   266  000822  6810               	setf	Timer1_Init_Default@period_val^0,c
   267  000824  EC50  F005         	call	_Timer1_Init_Default	;wreg free
   268  000828                     
   269                           ;ece376_hw9_ccp_comp.c: 167:  Timer1_Enable();
   270  000828  EC67  F005         	call	_Timer1_Enable	;wreg free
   271  00082C                     
   272                           ;ece376_hw9_ccp_comp.c: 168:  (INTCONbits.PEIE = 1u);
   273  00082C  8CF2               	bsf	242,6,c	;volatile
   274  00082E                     
   275                           ;ece376_hw9_ccp_comp.c: 169:  (INTCONbits.GIE = 1);
   276  00082E  8EF2               	bsf	242,7,c	;volatile
   277  000830                     
   278                           ;ece376_hw9_ccp_comp.c: 172:  reset_comp_count_flag = 0x01;
   279  000830  0E01               	movlw	1
   280  000832  6E14               	movwf	_reset_comp_count_flag^0,c	;volatile
   281  000834                     l1466:
   282                           
   283                           ;ece376_hw9_ccp_comp.c: 175:   if(reset_comp_count_flag) {
   284  000834  5014               	movf	_reset_comp_count_flag^0,w,c	;volatile
   285  000836  B4D8               	btfsc	status,2,c
   286  000838  EF20  F004         	goto	u401
   287  00083C  EF22  F004         	goto	u400
   288  000840                     u401:
   289  000840  EF1A  F004         	goto	l1466
   290  000844                     u400:
   291  000844                     
   292                           ;ece376_hw9_ccp_comp.c: 180:    if(PORTBbits.RB0) {
   293  000844  A081               	btfss	129,0,c	;volatile
   294  000846  EF27  F004         	goto	u411
   295  00084A  EF29  F004         	goto	u410
   296  00084E                     u411:
   297  00084E  EF2D  F004         	goto	l214
   298  000852                     u410:
   299  000852                     
   300                           ;ece376_hw9_ccp_comp.c: 181:     LAST_BUTTON_PRESSED = BUTTON0;
   301  000852  0E00               	movlw	0
   302  000854  6E03               	movwf	_LAST_BUTTON_PRESSED^0,c
   303                           
   304                           ;ece376_hw9_ccp_comp.c: 182:    } else if(PORTBbits.RB1) {
   305  000856  EFC2  F004         	goto	l1520
   306  00085A                     l214:
   307  00085A  A281               	btfss	129,1,c	;volatile
   308  00085C  EF32  F004         	goto	u421
   309  000860  EF34  F004         	goto	u420
   310  000864                     u421:
   311  000864  EF38  F004         	goto	l216
   312  000868                     u420:
   313  000868                     
   314                           ;ece376_hw9_ccp_comp.c: 183:     LAST_BUTTON_PRESSED = BUTTON1;
   315  000868  0E01               	movlw	1
   316  00086A  6E03               	movwf	_LAST_BUTTON_PRESSED^0,c
   317                           
   318                           ;ece376_hw9_ccp_comp.c: 184:    } else if(PORTBbits.RB2) {
   319  00086C  EFC2  F004         	goto	l1520
   320  000870                     l216:
   321  000870  A481               	btfss	129,2,c	;volatile
   322  000872  EF3D  F004         	goto	u431
   323  000876  EF3F  F004         	goto	u430
   324  00087A                     u431:
   325  00087A  EF43  F004         	goto	l218
   326  00087E                     u430:
   327  00087E                     
   328                           ;ece376_hw9_ccp_comp.c: 185:     LAST_BUTTON_PRESSED = BUTTON2;
   329  00087E  0E02               	movlw	2
   330  000880  6E03               	movwf	_LAST_BUTTON_PRESSED^0,c
   331                           
   332                           ;ece376_hw9_ccp_comp.c: 186:    } else if(PORTBbits.RB3) {
   333  000882  EFC2  F004         	goto	l1520
   334  000886                     l218:
   335  000886  A681               	btfss	129,3,c	;volatile
   336  000888  EF48  F004         	goto	u441
   337  00088C  EF4A  F004         	goto	u440
   338  000890                     u441:
   339  000890  EF4E  F004         	goto	l220
   340  000894                     u440:
   341  000894                     
   342                           ;ece376_hw9_ccp_comp.c: 187:     LAST_BUTTON_PRESSED = BUTTON3;
   343  000894  0E03               	movlw	3
   344  000896  6E03               	movwf	_LAST_BUTTON_PRESSED^0,c
   345                           
   346                           ;ece376_hw9_ccp_comp.c: 188:    } else if(PORTBbits.RB4) {
   347  000898  EFC2  F004         	goto	l1520
   348  00089C                     l220:
   349  00089C  A881               	btfss	129,4,c	;volatile
   350  00089E  EF53  F004         	goto	u451
   351  0008A2  EF55  F004         	goto	u450
   352  0008A6                     u451:
   353  0008A6  EF59  F004         	goto	l222
   354  0008AA                     u450:
   355  0008AA                     
   356                           ;ece376_hw9_ccp_comp.c: 189:     LAST_BUTTON_PRESSED = BUTTON4;
   357  0008AA  0E04               	movlw	4
   358  0008AC  6E03               	movwf	_LAST_BUTTON_PRESSED^0,c
   359                           
   360                           ;ece376_hw9_ccp_comp.c: 190:    } else if(PORTBbits.RB5) {
   361  0008AE  EFC2  F004         	goto	l1520
   362  0008B2                     l222:
   363  0008B2  AA81               	btfss	129,5,c	;volatile
   364  0008B4  EF5E  F004         	goto	u461
   365  0008B8  EF60  F004         	goto	u460
   366  0008BC                     u461:
   367  0008BC  EF64  F004         	goto	l224
   368  0008C0                     u460:
   369  0008C0                     
   370                           ;ece376_hw9_ccp_comp.c: 191:     LAST_BUTTON_PRESSED = BUTTON5;
   371  0008C0  0E05               	movlw	5
   372  0008C2  6E03               	movwf	_LAST_BUTTON_PRESSED^0,c
   373                           
   374                           ;ece376_hw9_ccp_comp.c: 192:    } else if(PORTBbits.RB6) {
   375  0008C4  EFC2  F004         	goto	l1520
   376  0008C8                     l224:
   377  0008C8  AC81               	btfss	129,6,c	;volatile
   378  0008CA  EF69  F004         	goto	u471
   379  0008CE  EF6B  F004         	goto	u470
   380  0008D2                     u471:
   381  0008D2  EF6F  F004         	goto	l226
   382  0008D6                     u470:
   383  0008D6                     
   384                           ;ece376_hw9_ccp_comp.c: 193:     LAST_BUTTON_PRESSED = BUTTON6;
   385  0008D6  0E06               	movlw	6
   386  0008D8  6E03               	movwf	_LAST_BUTTON_PRESSED^0,c
   387                           
   388                           ;ece376_hw9_ccp_comp.c: 194:    } else if(PORTBbits.RB7) {
   389  0008DA  EFC2  F004         	goto	l1520
   390  0008DE                     l226:
   391  0008DE  AE81               	btfss	129,7,c	;volatile
   392  0008E0  EF74  F004         	goto	u481
   393  0008E4  EF76  F004         	goto	u480
   394  0008E8                     u481:
   395  0008E8  EF7A  F004         	goto	l225
   396  0008EC                     u480:
   397  0008EC                     
   398                           ;ece376_hw9_ccp_comp.c: 195:     LAST_BUTTON_PRESSED = BUTTON7;
   399  0008EC  0E07               	movlw	7
   400  0008EE  6E03               	movwf	_LAST_BUTTON_PRESSED^0,c
   401                           
   402                           ;ece376_hw9_ccp_comp.c: 196:    } else {
   403  0008F0  EFC2  F004         	goto	l1520
   404  0008F4                     l225:
   405  0008F4  EFC2  F004         	goto	l1520
   406  0008F8                     l1486:
   407                           
   408                           ;ece376_hw9_ccp_comp.c: 209:      ccp_compare_val_final = 50746u;
   409  0008F8  0EC6               	movlw	198
   410  0008FA  6E02               	movwf	(_ccp_compare_val_final+1)^0,c
   411  0008FC  0E3A               	movlw	58
   412  0008FE  6E01               	movwf	_ccp_compare_val_final^0,c
   413                           
   414                           ;ece376_hw9_ccp_comp.c: 210:      compare_count = 2u;
   415  000900  0E02               	movlw	2
   416  000902  6E08               	movwf	_compare_count^0,c	;volatile
   417  000904                     l1488:
   418                           
   419                           ;ece376_hw9_ccp_comp.c: 211:      (CCPR1 = 0xFFFF);
   420  000904  68BE               	setf	190,c	;volatile
   421  000906  68BF               	setf	191,c	;volatile
   422                           
   423                           ;ece376_hw9_ccp_comp.c: 212:      break;
   424  000908  EFEF  F004         	goto	l1522
   425  00090C                     l1490:
   426                           
   427                           ;ece376_hw9_ccp_comp.c: 218:      ccp_compare_val_final = 25373u;
   428  00090C  0E63               	movlw	99
   429  00090E  6E02               	movwf	(_ccp_compare_val_final+1)^0,c
   430  000910  0E1D               	movlw	29
   431  000912  6E01               	movwf	_ccp_compare_val_final^0,c
   432                           
   433                           ;ece376_hw9_ccp_comp.c: 219:      compare_count = 1u;
   434  000914  0E01               	movlw	1
   435  000916  6E08               	movwf	_compare_count^0,c	;volatile
   436  000918  EF82  F004         	goto	l1488
   437  00091C                     l1494:
   438                           
   439                           ;ece376_hw9_ccp_comp.c: 225:      ccp_compare_val_final = 45454u;
   440  00091C  0EB1               	movlw	177
   441  00091E  6E02               	movwf	(_ccp_compare_val_final+1)^0,c
   442  000920  0E8E               	movlw	142
   443  000922  6E01               	movwf	_ccp_compare_val_final^0,c
   444                           
   445                           ;ece376_hw9_ccp_comp.c: 226:      compare_count = 0;
   446  000924  0E00               	movlw	0
   447  000926  6E08               	movwf	_compare_count^0,c	;volatile
   448  000928                     l1496:
   449                           
   450                           ;ece376_hw9_ccp_comp.c: 227:      (CCPR1 = ccp_compare_val_final);
   451  000928  C001  FFBE         	movff	_ccp_compare_val_final,4030	;volatile
   452  00092C  C002  FFBF         	movff	_ccp_compare_val_final+1,4031	;volatile
   453                           
   454                           ;ece376_hw9_ccp_comp.c: 228:      break;
   455  000930  EFEF  F004         	goto	l1522
   456  000934                     l1498:
   457                           
   458                           ;ece376_hw9_ccp_comp.c: 231:      ccp_compare_val_final = 22725u;
   459  000934  0E58               	movlw	88
   460  000936  6E02               	movwf	(_ccp_compare_val_final+1)^0,c
   461  000938  0EC5               	movlw	197
   462  00093A  6E01               	movwf	_ccp_compare_val_final^0,c
   463                           
   464                           ;ece376_hw9_ccp_comp.c: 232:      compare_count = 0u;
   465  00093C  0E00               	movlw	0
   466  00093E  6E08               	movwf	_compare_count^0,c	;volatile
   467  000940  EF94  F004         	goto	l1496
   468  000944                     l1502:
   469                           
   470                           ;ece376_hw9_ccp_comp.c: 237:      ccp_compare_val_final = 11337u;
   471  000944  0E2C               	movlw	44
   472  000946  6E02               	movwf	(_ccp_compare_val_final+1)^0,c
   473  000948  0E49               	movlw	73
   474  00094A  6E01               	movwf	_ccp_compare_val_final^0,c
   475                           
   476                           ;ece376_hw9_ccp_comp.c: 238:      compare_count = 0u;
   477  00094C  0E00               	movlw	0
   478  00094E  6E08               	movwf	_compare_count^0,c	;volatile
   479  000950  EF94  F004         	goto	l1496
   480  000954                     l1506:
   481                           
   482                           ;ece376_hw9_ccp_comp.c: 243:      ccp_compare_val_final = 5667u;
   483  000954  0E16               	movlw	22
   484  000956  6E02               	movwf	(_ccp_compare_val_final+1)^0,c
   485  000958  0E23               	movlw	35
   486  00095A  6E01               	movwf	_ccp_compare_val_final^0,c
   487                           
   488                           ;ece376_hw9_ccp_comp.c: 244:      compare_count = 0u;
   489  00095C  0E00               	movlw	0
   490  00095E  6E08               	movwf	_compare_count^0,c	;volatile
   491  000960  EF94  F004         	goto	l1496
   492  000964                     l1510:
   493                           
   494                           ;ece376_hw9_ccp_comp.c: 249:      ccp_compare_val_final = 2843u;
   495  000964  0E0B               	movlw	11
   496  000966  6E02               	movwf	(_ccp_compare_val_final+1)^0,c
   497  000968  0E1B               	movlw	27
   498  00096A  6E01               	movwf	_ccp_compare_val_final^0,c
   499                           
   500                           ;ece376_hw9_ccp_comp.c: 250:      compare_count = 0u;
   501  00096C  0E00               	movlw	0
   502  00096E  6E08               	movwf	_compare_count^0,c	;volatile
   503  000970  EF94  F004         	goto	l1496
   504  000974                     l1514:
   505                           
   506                           ;ece376_hw9_ccp_comp.c: 255:      ccp_compare_val_final = 1420u;
   507  000974  0E05               	movlw	5
   508  000976  6E02               	movwf	(_ccp_compare_val_final+1)^0,c
   509  000978  0E8C               	movlw	140
   510  00097A  6E01               	movwf	_ccp_compare_val_final^0,c
   511                           
   512                           ;ece376_hw9_ccp_comp.c: 256:      compare_count = 0u;
   513  00097C  0E00               	movlw	0
   514  00097E  6E08               	movwf	_compare_count^0,c	;volatile
   515  000980  EF94  F004         	goto	l1496
   516  000984                     l1520:
   517  000984  5003               	movf	_LAST_BUTTON_PRESSED^0,w,c
   518  000986  6E12               	movwf	??_main^0,c
   519  000988  6A13               	clrf	(??_main+1)^0,c
   520                           
   521                           ; Switch on 2 bytes has been partitioned into a top level switch of size 1, and 1 sub-sw
      +                          itches
   522                           ; Switch size 1, requested type "simple"
   523                           ; Number of cases is 1, Range of values is 0 to 0
   524                           ; switch strategies available:
   525                           ; Name         Instructions Cycles
   526                           ; simple_byte            4     3 (average)
   527                           ;	Chosen strategy is simple_byte
   528  00098A  5013               	movf	(??_main+1)^0,w,c
   529  00098C  0A00               	xorlw	0	; case 0
   530  00098E  B4D8               	btfsc	status,2,c
   531  000990  EFCC  F004         	goto	l1532
   532  000994  EFEF  F004         	goto	l1522
   533  000998                     l1532:
   534                           
   535                           ; Switch size 1, requested type "simple"
   536                           ; Number of cases is 8, Range of values is 0 to 7
   537                           ; switch strategies available:
   538                           ; Name         Instructions Cycles
   539                           ; simple_byte           25    13 (average)
   540                           ;	Chosen strategy is simple_byte
   541  000998  5012               	movf	??_main^0,w,c
   542  00099A  0A00               	xorlw	0	; case 0
   543  00099C  B4D8               	btfsc	status,2,c
   544  00099E  EF7C  F004         	goto	l1486
   545  0009A2  0A01               	xorlw	1	; case 1
   546  0009A4  B4D8               	btfsc	status,2,c
   547  0009A6  EF86  F004         	goto	l1490
   548  0009AA  0A03               	xorlw	3	; case 2
   549  0009AC  B4D8               	btfsc	status,2,c
   550  0009AE  EF8E  F004         	goto	l1494
   551  0009B2  0A01               	xorlw	1	; case 3
   552  0009B4  B4D8               	btfsc	status,2,c
   553  0009B6  EF9A  F004         	goto	l1498
   554  0009BA  0A07               	xorlw	7	; case 4
   555  0009BC  B4D8               	btfsc	status,2,c
   556  0009BE  EFA2  F004         	goto	l1502
   557  0009C2  0A01               	xorlw	1	; case 5
   558  0009C4  B4D8               	btfsc	status,2,c
   559  0009C6  EFAA  F004         	goto	l1506
   560  0009CA  0A03               	xorlw	3	; case 6
   561  0009CC  B4D8               	btfsc	status,2,c
   562  0009CE  EFB2  F004         	goto	l1510
   563  0009D2  0A01               	xorlw	1	; case 7
   564  0009D4  B4D8               	btfsc	status,2,c
   565  0009D6  EFBA  F004         	goto	l1514
   566  0009DA  EFEF  F004         	goto	l1522
   567  0009DE                     l1522:
   568                           
   569                           ;ece376_hw9_ccp_comp.c: 262:    reset_comp_count_flag = 0x00;
   570  0009DE  0E00               	movlw	0
   571  0009E0  6E14               	movwf	_reset_comp_count_flag^0,c	;volatile
   572  0009E2  EF1A  F004         	goto	l1466
   573  0009E6  EF07  F004         	goto	start
   574  0009EA                     __end_of_main:
   575                           	callstack 0
   576                           
   577 ;; *************** function _Timer1_Init_Default *****************
   578 ;; Defined at:
   579 ;;		line 31 in file "src/timer.c"
   580 ;; Parameters:    Size  Location     Type
   581 ;;  period_val      2    2[COMRAM] unsigned short 
   582 ;; Auto vars:     Size  Location     Type
   583 ;;		None
   584 ;; Return value:  Size  Location     Type
   585 ;;                  1    wreg      void 
   586 ;; Registers used:
   587 ;;		wreg, status,2, cstack
   588 ;; Tracked objects:
   589 ;;		On entry : 0/0
   590 ;;		On exit  : 0/0
   591 ;;		Unchanged: 0/0
   592 ;; Data sizes:     COMRAM   BANK0   BANK1   BANK2   BANK3   BANK4   BANK5   BANK6   BANK7   BANK8   BANK9  BANK10  BANK1
      +1  BANK12  BANK13  BANK14  BANK15
   593 ;;      Params:         2       0       0       0       0       0       0       0       0       0       0       0       
      +0       0       0       0       0
   594 ;;      Locals:         0       0       0       0       0       0       0       0       0       0       0       0       
      +0       0       0       0       0
   595 ;;      Temps:          0       0       0       0       0       0       0       0       0       0       0       0       
      +0       0       0       0       0
   596 ;;      Totals:         2       0       0       0       0       0       0       0       0       0       0       0       
      +0       0       0       0       0
   597 ;;Total ram usage:        2 bytes
   598 ;; Hardware stack levels used:    1
   599 ;; Hardware stack levels required when called:    2
   600 ;; This function calls:
   601 ;;		_CCP1_Init_Default
   602 ;; This function is called by:
   603 ;;		_main
   604 ;; This function uses a non-reentrant model
   605 ;;
   606                           
   607                           	psect	text1
   608  000AA0                     __ptext1:
   609                           	callstack 0
   610  000AA0                     _Timer1_Init_Default:
   611                           	callstack 28
   612  000AA0                     
   613                           ;src/timer.c: 34:     T1CON = 0x80;
   614  000AA0  0E80               	movlw	128
   615  000AA2  6ECD               	movwf	205,c	;volatile
   616                           
   617                           ;src/timer.c: 35:     (T3CON = 0x00);
   618  000AA4  0E00               	movlw	0
   619  000AA6  6EB1               	movwf	177,c	;volatile
   620  000AA8                     
   621                           ;src/timer.c: 42:     CCP1_Init_Default(period_val);
   622  000AA8  C010  F00E         	movff	Timer1_Init_Default@period_val,CCP1_Init_Default@comp_val
   623  000AAC  C011  F00F         	movff	Timer1_Init_Default@period_val+1,CCP1_Init_Default@comp_val+1
   624  000AB0  EC5B  F005         	call	_CCP1_Init_Default	;wreg free
   625  000AB4  0012               	return		;funcret
   626  000AB6                     __end_of_Timer1_Init_Default:
   627                           	callstack 0
   628                           
   629 ;; *************** function _CCP1_Init_Default *****************
   630 ;; Defined at:
   631 ;;		line 41 in file "src/ccp.c"
   632 ;; Parameters:    Size  Location     Type
   633 ;;  comp_val        2    0[COMRAM] unsigned short 
   634 ;; Auto vars:     Size  Location     Type
   635 ;;		None
   636 ;; Return value:  Size  Location     Type
   637 ;;                  1    wreg      void 
   638 ;; Registers used:
   639 ;;		wreg, status,2
   640 ;; Tracked objects:
   641 ;;		On entry : 0/0
   642 ;;		On exit  : 0/0
   643 ;;		Unchanged: 0/0
   644 ;; Data sizes:     COMRAM   BANK0   BANK1   BANK2   BANK3   BANK4   BANK5   BANK6   BANK7   BANK8   BANK9  BANK10  BANK1
      +1  BANK12  BANK13  BANK14  BANK15
   645 ;;      Params:         2       0       0       0       0       0       0       0       0       0       0       0       
      +0       0       0       0       0
   646 ;;      Locals:         0       0       0       0       0       0       0       0       0       0       0       0       
      +0       0       0       0       0
   647 ;;      Temps:          0       0       0       0       0       0       0       0       0       0       0       0       
      +0       0       0       0       0
   648 ;;      Totals:         2       0       0       0       0       0       0       0       0       0       0       0       
      +0       0       0       0       0
   649 ;;Total ram usage:        2 bytes
   650 ;; Hardware stack levels used:    1
   651 ;; Hardware stack levels required when called:    1
   652 ;; This function calls:
   653 ;;		Nothing
   654 ;; This function is called by:
   655 ;;		_Timer1_Init_Default
   656 ;; This function uses a non-reentrant model
   657 ;;
   658                           
   659                           	psect	text2
   660  000AB6                     __ptext2:
   661                           	callstack 0
   662  000AB6                     _CCP1_Init_Default:
   663                           	callstack 28
   664  000AB6                     
   665                           ;src/ccp.c: 42:     (CCP1CON = 0x0B);
   666  000AB6  0E0B               	movlw	11
   667  000AB8  6EBD               	movwf	189,c	;volatile
   668  000ABA                     
   669                           ;src/ccp.c: 43:     (CCPR1 = comp_val);
   670  000ABA  C00E  FFBE         	movff	CCP1_Init_Default@comp_val,4030	;volatile
   671  000ABE  C00F  FFBF         	movff	CCP1_Init_Default@comp_val+1,4031	;volatile
   672  000AC2                     
   673                           ;src/ccp.c: 44:     (PIE1bits.CCP1IE = 1u);
   674  000AC2  849D               	bsf	157,2,c	;volatile
   675  000AC4  0012               	return		;funcret
   676  000AC6                     __end_of_CCP1_Init_Default:
   677                           	callstack 0
   678                           
   679 ;; *************** function _Timer1_Enable *****************
   680 ;; Defined at:
   681 ;;		line 54 in file "src/timer.c"
   682 ;; Parameters:    Size  Location     Type
   683 ;;		None
   684 ;; Auto vars:     Size  Location     Type
   685 ;;		None
   686 ;; Return value:  Size  Location     Type
   687 ;;                  1    wreg      void 
   688 ;; Registers used:
   689 ;;		status,2, status,0
   690 ;; Tracked objects:
   691 ;;		On entry : 0/0
   692 ;;		On exit  : 0/0
   693 ;;		Unchanged: 0/0
   694 ;; Data sizes:     COMRAM   BANK0   BANK1   BANK2   BANK3   BANK4   BANK5   BANK6   BANK7   BANK8   BANK9  BANK10  BANK1
      +1  BANK12  BANK13  BANK14  BANK15
   695 ;;      Params:         0       0       0       0       0       0       0       0       0       0       0       0       
      +0       0       0       0       0
   696 ;;      Locals:         0       0       0       0       0       0       0       0       0       0       0       0       
      +0       0       0       0       0
   697 ;;      Temps:          0       0       0       0       0       0       0       0       0       0       0       0       
      +0       0       0       0       0
   698 ;;      Totals:         0       0       0       0       0       0       0       0       0       0       0       0       
      +0       0       0       0       0
   699 ;;Total ram usage:        0 bytes
   700 ;; Hardware stack levels used:    1
   701 ;; Hardware stack levels required when called:    1
   702 ;; This function calls:
   703 ;;		Nothing
   704 ;; This function is called by:
   705 ;;		_main
   706 ;; This function uses a non-reentrant model
   707 ;;
   708                           
   709                           	psect	text3
   710  000ACE                     __ptext3:
   711                           	callstack 0
   712  000ACE                     _Timer1_Enable:
   713                           	callstack 29
   714  000ACE                     
   715                           ;src/timer.c: 55:     T1CON |= 0x01;
   716  000ACE  80CD               	bsf	205,0,c	;volatile
   717  000AD0  0012               	return		;funcret
   718  000AD2                     __end_of_Timer1_Enable:
   719                           	callstack 0
   720                           
   721 ;; *************** function _isr *****************
   722 ;; Defined at:
   723 ;;		line 117 in file "ece376_hw9_ccp_comp.c"
   724 ;; Parameters:    Size  Location     Type
   725 ;;		None
   726 ;; Auto vars:     Size  Location     Type
   727 ;;		None
   728 ;; Return value:  Size  Location     Type
   729 ;;                  1    wreg      void 
   730 ;; Registers used:
   731 ;;		wreg, status,2, status,0
   732 ;; Tracked objects:
   733 ;;		On entry : 0/0
   734 ;;		On exit  : 0/0
   735 ;;		Unchanged: 0/0
   736 ;; Data sizes:     COMRAM   BANK0   BANK1   BANK2   BANK3   BANK4   BANK5   BANK6   BANK7   BANK8   BANK9  BANK10  BANK1
      +1  BANK12  BANK13  BANK14  BANK15
   737 ;;      Params:         0       0       0       0       0       0       0       0       0       0       0       0       
      +0       0       0       0       0
   738 ;;      Locals:         0       0       0       0       0       0       0       0       0       0       0       0       
      +0       0       0       0       0
   739 ;;      Temps:          0       0       0       0       0       0       0       0       0       0       0       0       
      +0       0       0       0       0
   740 ;;      Totals:         0       0       0       0       0       0       0       0       0       0       0       0       
      +0       0       0       0       0
   741 ;;Total ram usage:        0 bytes
   742 ;; Hardware stack levels used:    1
   743 ;; This function calls:
   744 ;;		Nothing
   745 ;; This function is called by:
   746 ;;		Interrupt level 2
   747 ;; This function uses a non-reentrant model
   748 ;;
   749                           
   750                           	psect	intcode
   751  000808                     __pintcode:
   752                           	callstack 0
   753  000808                     _isr:
   754                           	callstack 28
   755                           
   756                           ;incstack = 0
   757  000808  8215               	bsf	int$flags,1,c	;set compiler interrupt flag (level 2)
   758  00080A  EDF5  F004         	call	int_func,f	;refresh shadow registers
   759                           
   760                           	psect	intcode_body
   761  0009EA                     __pintcode_body:
   762                           	callstack 28
   763  0009EA                     int_func:
   764                           	callstack 28
   765  0009EA  0006               	pop		; remove dummy address from shadow register refresh
   766  0009EC                     
   767                           ;ece376_hw9_ccp_comp.c: 123:     if(PIR1bits.CCP1IF && PIE1bits.CCP1IE){
   768  0009EC  A49E               	btfss	158,2,c	;volatile
   769  0009EE  EFFB  F004         	goto	i2u25_41
   770  0009F2  EFFD  F004         	goto	i2u25_40
   771  0009F6                     i2u25_41:
   772  0009F6  EF31  F005         	goto	i2l207
   773  0009FA                     i2u25_40:
   774  0009FA  A49D               	btfss	157,2,c	;volatile
   775  0009FC  EF02  F005         	goto	i2u26_41
   776  000A00  EF04  F005         	goto	i2u26_40
   777  000A04                     i2u26_41:
   778  000A04  EF31  F005         	goto	i2l207
   779  000A08                     i2u26_40:
   780  000A08                     
   781                           ;ece376_hw9_ccp_comp.c: 125:         if(compare_count == 0) {
   782  000A08  5008               	movf	_compare_count^0,w,c	;volatile
   783  000A0A  A4D8               	btfss	status,2,c
   784  000A0C  EF0A  F005         	goto	i2u27_41
   785  000A10  EF0C  F005         	goto	i2u27_40
   786  000A14                     i2u27_41:
   787  000A14  EF23  F005         	goto	i2l1348
   788  000A18                     i2u27_40:
   789  000A18                     
   790                           ;ece376_hw9_ccp_comp.c: 126:    reset_comp_count_flag = 0x01;
   791  000A18  0E01               	movlw	1
   792  000A1A  6E14               	movwf	_reset_comp_count_flag^0,c	;volatile
   793                           
   794                           ;ece376_hw9_ccp_comp.c: 127:    if((LAST_BUTTON_PRESSED == BUTTON0) || (LAST_BUTTON_PRES
      +                          SED == BUTTON1)){
   795  000A1C  5003               	movf	_LAST_BUTTON_PRESSED^0,w,c
   796  000A1E  B4D8               	btfsc	status,2,c
   797  000A20  EF14  F005         	goto	i2u28_41
   798  000A24  EF16  F005         	goto	i2u28_40
   799  000A28                     i2u28_41:
   800  000A28  EF1E  F005         	goto	i2l204
   801  000A2C                     i2u28_40:
   802  000A2C  0403               	decf	_LAST_BUTTON_PRESSED^0,w,c
   803  000A2E  A4D8               	btfss	status,2,c
   804  000A30  EF1C  F005         	goto	i2u29_41
   805  000A34  EF1E  F005         	goto	i2u29_40
   806  000A38                     i2u29_41:
   807  000A38  EF20  F005         	goto	i2l1346
   808  000A3C                     i2u29_40:
   809  000A3C                     i2l204:
   810                           
   811                           ;ece376_hw9_ccp_comp.c: 128:                 (CCPR1 = 0xFFFF);
   812  000A3C  68BE               	setf	190,c	;volatile
   813  000A3E  68BF               	setf	191,c	;volatile
   814  000A40                     i2l1346:
   815                           
   816                           ;ece376_hw9_ccp_comp.c: 131:    (LATCbits.LATC0 ^= 0x1);
   817  000A40  708B               	btg	139,0,c	;volatile
   818                           
   819                           ;ece376_hw9_ccp_comp.c: 133:   } else {
   820  000A42  EF30  F005         	goto	i2l205
   821  000A46                     i2l1348:
   822                           
   823                           ;ece376_hw9_ccp_comp.c: 134:    compare_count--;
   824  000A46  0608               	decf	_compare_count^0,f,c	;volatile
   825  000A48                     
   826                           ;ece376_hw9_ccp_comp.c: 135:    if(compare_count == 0) {
   827  000A48  5008               	movf	_compare_count^0,w,c	;volatile
   828  000A4A  A4D8               	btfss	status,2,c
   829  000A4C  EF2A  F005         	goto	i2u30_41
   830  000A50  EF2C  F005         	goto	i2u30_40
   831  000A54                     i2u30_41:
   832  000A54  EF30  F005         	goto	i2l205
   833  000A58                     i2u30_40:
   834  000A58                     
   835                           ;ece376_hw9_ccp_comp.c: 136:     (CCPR1 = ccp_compare_val_final);
   836  000A58  C001  FFBE         	movff	_ccp_compare_val_final,4030	;volatile
   837  000A5C  C002  FFBF         	movff	_ccp_compare_val_final+1,4031	;volatile
   838  000A60                     i2l205:
   839                           
   840                           ;ece376_hw9_ccp_comp.c: 141:   (PIR1bits.CCP1IF = 0u);
   841  000A60  949E               	bcf	158,2,c	;volatile
   842  000A62                     i2l207:
   843  000A62  9215               	bcf	int$flags,1,c	;clear compiler interrupt flag (level 2)
   844  000A64  0011               	retfie		f
   845  000A66                     __end_of_isr:
   846                           	callstack 0
   847  0000                     
   848                           	psect	rparam
   849  0000                     
   850                           	psect	temp
   851  000015                     btemp:
   852                           	callstack 0
   853  000015                     	ds	1
   854  0000                     int$flags	set	btemp
   855  0000                     wtemp8	set	btemp+1
   856  0000                     ttemp5	set	btemp+1
   857  0000                     ttemp6	set	btemp+4
   858  0000                     ttemp7	set	btemp+8
   859                           
   860                           	psect	idloc
   861                           
   862                           ;Config register IDLOC0 @ 0x200000
   863                           ;	unspecified, using default values
   864  200000                     	org	2097152
   865  200000  FF                 	db	255
   866                           
   867                           ;Config register IDLOC1 @ 0x200001
   868                           ;	unspecified, using default values
   869  200001                     	org	2097153
   870  200001  FF                 	db	255
   871                           
   872                           ;Config register IDLOC2 @ 0x200002
   873                           ;	unspecified, using default values
   874  200002                     	org	2097154
   875  200002  FF                 	db	255
   876                           
   877                           ;Config register IDLOC3 @ 0x200003
   878                           ;	unspecified, using default values
   879  200003                     	org	2097155
   880  200003  FF                 	db	255
   881                           
   882                           ;Config register IDLOC4 @ 0x200004
   883                           ;	unspecified, using default values
   884  200004                     	org	2097156
   885  200004  FF                 	db	255
   886                           
   887                           ;Config register IDLOC5 @ 0x200005
   888                           ;	unspecified, using default values
   889  200005                     	org	2097157
   890  200005  FF                 	db	255
   891                           
   892                           ;Config register IDLOC6 @ 0x200006
   893                           ;	unspecified, using default values
   894  200006                     	org	2097158
   895  200006  FF                 	db	255
   896                           
   897                           ;Config register IDLOC7 @ 0x200007
   898                           ;	unspecified, using default values
   899  200007                     	org	2097159
   900  200007  FF                 	db	255
   901                           
   902                           	psect	config
   903                           
   904                           ; Padding undefined space
   905  300000                     	org	3145728
   906  300000  FF                 	db	255
   907                           
   908                           ;Config register CONFIG1H @ 0x300001
   909                           ;	Oscillator Selection bits
   910                           ;	OSC = HSPLL, HS oscillator, PLL enabled (Clock Frequency = 4 x FOSC1)
   911                           ;	Fail-Safe Clock Monitor Enable bit
   912                           ;	FCMEN = OFF, Fail-Safe Clock Monitor disabled
   913                           ;	Internal/External Oscillator Switchover bit
   914                           ;	IESO = OFF, Oscillator Switchover mode disabled
   915  300001                     	org	3145729
   916  300001  06                 	db	6
   917                           
   918                           ;Config register CONFIG2L @ 0x300002
   919                           ;	Power-up Timer Enable bit
   920                           ;	PWRT = OFF, PWRT disabled
   921                           ;	Brown-out Reset Enable bits
   922                           ;	BOREN = SBORDIS, Brown-out Reset enabled in hardware only (SBOREN is disabled)
   923                           ;	Brown Out Reset Voltage bits
   924                           ;	BORV = 3, Minimum setting
   925  300002                     	org	3145730
   926  300002  1F                 	db	31
   927                           
   928                           ;Config register CONFIG2H @ 0x300003
   929                           ;	Watchdog Timer Enable bit
   930                           ;	WDT = OFF, WDT disabled (control is placed on the SWDTEN bit)
   931                           ;	Watchdog Timer Postscale Select bits
   932                           ;	WDTPS = 32768, 1:32768
   933  300003                     	org	3145731
   934  300003  1E                 	db	30
   935                           
   936                           ; Padding undefined space
   937  300004                     	org	3145732
   938  300004  FF                 	db	255
   939                           
   940                           ;Config register CONFIG3H @ 0x300005
   941                           ;	CCP2 MUX bit
   942                           ;	CCP2MX = PORTC, CCP2 input/output is multiplexed with RC1
   943                           ;	PORTB A/D Enable bit
   944                           ;	PBADEN = OFF, PORTB<4:0> pins are configured as digital I/O on Reset
   945                           ;	Low-Power Timer1 Oscillator Enable bit
   946                           ;	LPT1OSC = OFF, Timer1 configured for higher power operation
   947                           ;	MCLR Pin Enable bit
   948                           ;	MCLRE = ON, MCLR pin enabled; RE3 input pin disabled
   949  300005                     	org	3145733
   950  300005  81                 	db	129
   951                           
   952                           ;Config register CONFIG4L @ 0x300006
   953                           ;	Stack Full/Underflow Reset Enable bit
   954                           ;	STVREN = ON, Stack full/underflow will cause Reset
   955                           ;	Single-Supply ICSP Enable bit
   956                           ;	LVP = OFF, Single-Supply ICSP disabled
   957                           ;	Extended Instruction Set Enable bit
   958                           ;	XINST = OFF, Instruction set extension and Indexed Addressing mode disabled (Legacy mo
      +                          de)
   959                           ;	Background Debugger Enable bit
   960                           ;	DEBUG = 0x1, unprogrammed default
   961  300006                     	org	3145734
   962  300006  81                 	db	129
   963                           
   964                           ; Padding undefined space
   965  300007                     	org	3145735
   966  300007  FF                 	db	255
   967                           
   968                           ;Config register CONFIG5L @ 0x300008
   969                           ;	Code Protection bit
   970                           ;	CP0 = OFF, Block 0 (000800-003FFFh) not code-protected
   971                           ;	Code Protection bit
   972                           ;	CP1 = OFF, Block 1 (004000-007FFFh) not code-protected
   973                           ;	Code Protection bit
   974                           ;	CP2 = OFF, Block 2 (008000-00BFFFh) not code-protected
   975                           ;	Code Protection bit
   976                           ;	CP3 = OFF, Block 3 (00C000-00FFFFh) not code-protected
   977  300008                     	org	3145736
   978  300008  0F                 	db	15
   979                           
   980                           ;Config register CONFIG5H @ 0x300009
   981                           ;	Boot Block Code Protection bit
   982                           ;	CPB = OFF, Boot block (000000-0007FFh) not code-protected
   983                           ;	Data EEPROM Code Protection bit
   984                           ;	CPD = OFF, Data EEPROM not code-protected
   985  300009                     	org	3145737
   986  300009  C0                 	db	192
   987                           
   988                           ;Config register CONFIG6L @ 0x30000A
   989                           ;	Write Protection bit
   990                           ;	WRT0 = OFF, Block 0 (000800-003FFFh) not write-protected
   991                           ;	Write Protection bit
   992                           ;	WRT1 = OFF, Block 1 (004000-007FFFh) not write-protected
   993                           ;	Write Protection bit
   994                           ;	WRT2 = OFF, Block 2 (008000-00BFFFh) not write-protected
   995                           ;	Write Protection bit
   996                           ;	WRT3 = OFF, Block 3 (00C000-00FFFFh) not write-protected
   997  30000A                     	org	3145738
   998  30000A  0F                 	db	15
   999                           
  1000                           ;Config register CONFIG6H @ 0x30000B
  1001                           ;	Configuration Register Write Protection bit
  1002                           ;	WRTC = OFF, Configuration registers (300000-3000FFh) not write-protected
  1003                           ;	Boot Block Write Protection bit
  1004                           ;	WRTB = OFF, Boot Block (000000-0007FFh) not write-protected
  1005                           ;	Data EEPROM Write Protection bit
  1006                           ;	WRTD = OFF, Data EEPROM not write-protected
  1007  30000B                     	org	3145739
  1008  30000B  E0                 	db	224
  1009                           
  1010                           ;Config register CONFIG7L @ 0x30000C
  1011                           ;	Table Read Protection bit
  1012                           ;	EBTR0 = OFF, Block 0 (000800-003FFFh) not protected from table reads executed in other
      +                           blocks
  1013                           ;	Table Read Protection bit
  1014                           ;	EBTR1 = OFF, Block 1 (004000-007FFFh) not protected from table reads executed in other
      +                           blocks
  1015                           ;	Table Read Protection bit
  1016                           ;	EBTR2 = OFF, Block 2 (008000-00BFFFh) not protected from table reads executed in other
      +                           blocks
  1017                           ;	Table Read Protection bit
  1018                           ;	EBTR3 = OFF, Block 3 (00C000-00FFFFh) not protected from table reads executed in other
      +                           blocks
  1019  30000C                     	org	3145740
  1020  30000C  0F                 	db	15
  1021                           
  1022                           ;Config register CONFIG7H @ 0x30000D
  1023                           ;	Boot Block Table Read Protection bit
  1024                           ;	EBTRB = OFF, Boot Block (000000-0007FFh) not protected from table reads executed in ot
      +                          her blocks
  1025  30000D                     	org	3145741
  1026  30000D  40                 	db	64
  1027                           tosu	equ	0xFFF
  1028                           tosh	equ	0xFFE
  1029                           tosl	equ	0xFFD
  1030                           stkptr	equ	0xFFC
  1031                           pclatu	equ	0xFFB
  1032                           pclath	equ	0xFFA
  1033                           pcl	equ	0xFF9
  1034                           tblptru	equ	0xFF8
  1035                           tblptrh	equ	0xFF7
  1036                           tblptrl	equ	0xFF6
  1037                           tablat	equ	0xFF5
  1038                           prodh	equ	0xFF4
  1039                           prodl	equ	0xFF3
  1040                           indf0	equ	0xFEF
  1041                           postinc0	equ	0xFEE
  1042                           postdec0	equ	0xFED
  1043                           preinc0	equ	0xFEC
  1044                           plusw0	equ	0xFEB
  1045                           fsr0h	equ	0xFEA
  1046                           fsr0l	equ	0xFE9
  1047                           wreg	equ	0xFE8
  1048                           indf1	equ	0xFE7
  1049                           postinc1	equ	0xFE6
  1050                           postdec1	equ	0xFE5
  1051                           preinc1	equ	0xFE4
  1052                           plusw1	equ	0xFE3
  1053                           fsr1h	equ	0xFE2
  1054                           fsr1l	equ	0xFE1
  1055                           bsr	equ	0xFE0
  1056                           indf2	equ	0xFDF
  1057                           postinc2	equ	0xFDE
  1058                           postdec2	equ	0xFDD
  1059                           preinc2	equ	0xFDC
  1060                           plusw2	equ	0xFDB
  1061                           fsr2h	equ	0xFDA
  1062                           fsr2l	equ	0xFD9
  1063                           status	equ	0xFD8

Data Sizes:
    Strings     0
    Constant    0
    Data        7
    BSS         6
    Persistent  1
    Stack       0

Auto Spaces:
    Space          Size  Autos    Used
    COMRAM          126      6      20
    BANK0           128      0       0
    BANK1           256      0       0
    BANK2           256      0       0
    BANK3           256      0       0
    BANK4           256      0       0
    BANK5           256      0       0
    BANK6           256      0       0
    BANK7           256      0       0
    BANK8           256      0       0
    BANK9           256      0       0
    BANK10          256      0       0
    BANK11          256      0       0
    BANK12          256      0       0
    BANK13          256      0       0
    BANK14          256      0       0
    BANK15          128      0       0

Pointer List with Targets:

    None.

Critical Paths under _main in COMRAM

    _main->_Timer1_Init_Default
    _Timer1_Init_Default->_CCP1_Init_Default

Critical Paths under _isr in COMRAM

    None.

Critical Paths under _main in BANK0

    None.

Critical Paths under _isr in BANK0

    None.

Critical Paths under _main in BANK1

    None.

Critical Paths under _isr in BANK1

    None.

Critical Paths under _main in BANK2

    None.

Critical Paths under _isr in BANK2

    None.

Critical Paths under _main in BANK3

    None.

Critical Paths under _isr in BANK3

    None.

Critical Paths under _main in BANK4

    None.

Critical Paths under _isr in BANK4

    None.

Critical Paths under _main in BANK5

    None.

Critical Paths under _isr in BANK5

    None.

Critical Paths under _main in BANK6

    None.

Critical Paths under _isr in BANK6

    None.

Critical Paths under _main in BANK7

    None.

Critical Paths under _isr in BANK7

    None.

Critical Paths under _main in BANK8

    None.

Critical Paths under _isr in BANK8

    None.

Critical Paths under _main in BANK9

    None.

Critical Paths under _isr in BANK9

    None.

Critical Paths under _main in BANK10

    None.

Critical Paths under _isr in BANK10

    None.

Critical Paths under _main in BANK11

    None.

Critical Paths under _isr in BANK11

    None.

Critical Paths under _main in BANK12

    None.

Critical Paths under _isr in BANK12

    None.

Critical Paths under _main in BANK13

    None.

Critical Paths under _isr in BANK13

    None.

Critical Paths under _main in BANK14

    None.

Critical Paths under _isr in BANK14

    None.

Critical Paths under _main in BANK15

    None.

Critical Paths under _isr in BANK15

    None.

Call Graph Tables:

 ---------------------------------------------------------------------------------
 (Depth) Function   	        Calls       Base Space   Used Autos Params    Refs
 ---------------------------------------------------------------------------------
 (0) _main                                                 2     2      0     196
                                              4 COMRAM     2     2      0
                      _Timer1_Enable
                _Timer1_Init_Default
 ---------------------------------------------------------------------------------
 (1) _Timer1_Init_Default                                  2     0      2     196
                                              2 COMRAM     2     0      2
                  _CCP1_Init_Default
 ---------------------------------------------------------------------------------
 (2) _CCP1_Init_Default                                    2     0      2      98
                                              0 COMRAM     2     0      2
 ---------------------------------------------------------------------------------
 (1) _Timer1_Enable                                        0     0      0       0
 ---------------------------------------------------------------------------------
 Estimated maximum stack depth 2
 ---------------------------------------------------------------------------------
 (Depth) Function   	        Calls       Base Space   Used Autos Params    Refs
 ---------------------------------------------------------------------------------
 (3) _isr                                                  0     0      0       0
 ---------------------------------------------------------------------------------
 Estimated maximum stack depth 3
 ---------------------------------------------------------------------------------

 Call Graph Graphs:

 _main (ROOT)
   _Timer1_Enable
   _Timer1_Init_Default
     _CCP1_Init_Default

 _isr (ROOT)

 Address spaces:
Name               Size   Autos  Total    Cost      Usage
BIGRAM             F7F      0       0      37        0.0%
EEDATA             400      0       0       0        0.0%
BITBANK14          100      0       0      32        0.0%
BANK14             100      0       0      33        0.0%
BITBANK13          100      0       0      30        0.0%
BANK13             100      0       0      31        0.0%
BITBANK12          100      0       0      28        0.0%
BANK12             100      0       0      29        0.0%
BITBANK11          100      0       0      26        0.0%
BANK11             100      0       0      27        0.0%
BITBANK10          100      0       0      24        0.0%
BANK10             100      0       0      25        0.0%
BITBANK9           100      0       0      22        0.0%
BANK9              100      0       0      23        0.0%
BITBANK8           100      0       0      20        0.0%
BANK8              100      0       0      21        0.0%
BITBANK7           100      0       0      18        0.0%
BANK7              100      0       0      19        0.0%
BITBANK6           100      0       0      16        0.0%
BANK6              100      0       0      17        0.0%
BITBANK5           100      0       0      14        0.0%
BANK5              100      0       0      15        0.0%
BITBANK4           100      0       0      12        0.0%
BANK4              100      0       0      13        0.0%
BITBANK3           100      0       0      10        0.0%
BANK3              100      0       0      11        0.0%
BITBANK2           100      0       0       8        0.0%
BANK2              100      0       0       9        0.0%
BITBANK1           100      0       0       6        0.0%
BANK1              100      0       0       7        0.0%
BITBANK15           80      0       0      35        0.0%
BANK15              80      0       0      36        0.0%
BITBANK0            80      0       0       4        0.0%
BANK0               80      0       0       5        0.0%
BITCOMRAM           7E      0       0       0        0.0%
COMRAM              7E      6      14       1       15.9%
BITSFR               0      0       0     200        0.0%
SFR                  0      0       0     200        0.0%
STACK                0      0       0       2        0.0%
NULL                 0      0       0       0        0.0%
ABS                  0      0      14      34        0.0%
DATA                 0      0      14       3        0.0%
CODE                 0      0       0       0        0.0%


Microchip Technology PIC18 Macro Assembler V2.31 build 20201012212115 
Symbol Table                                                                                   Mon Nov 08 00:53:22 2021

                           l15 0AC4            _LAST_BUTTON_PRESSED 0003                            l220 089C  
                          l222 08B2                            l214 085A                            l160 0AD0  
                          l224 08C8                            l216 0870                            l225 08F4  
                          l226 08DE                            l218 0886                            l157 0AB4  
                          u400 0844                            u401 0840                            u410 0852  
                          u411 084E                            u420 0868                            u421 0864  
                          u430 087E                            u431 087A                            u440 0894  
                          u441 0890                            u450 08AA                            u451 08A6  
                          u460 08C0                            u461 08BC                            u470 08D6  
                          u471 08D2                            u480 08EC                            u481 08E8  
                          _isr 0808             _current_entry_mode 0005                           l1014 0ACE  
                         l1510 0964                           l1502 0944                           l1440 0ABA  
                         l1520 0984                           l1442 0AC2                           l1514 0974  
                         l1506 0954                           l1522 09DE                           l1450 0814  
                         l1444 0AA0                           l1532 0998                           l1460 082C  
                         l1452 0818                           l1438 0AB6                           l1446 0AA8  
                         l1470 0852                           l1462 082E                           l1454 081A  
                         l1480 08C0                           l1472 0868                           l1464 0830  
                         l1456 081E                           l1448 0812                           l1490 090C  
                         l1482 08D6                           l1474 087E                           l1466 0834  
                         l1458 0828                           l1484 08EC                           l1476 0894  
                         l1468 0844                           l1494 091C                           l1486 08F8  
                         l1478 08AA                           l1496 0928                           l1488 0904  
                         l1498 0934                           ?_isr 000E                           _main 0812  
                         fsr1l 000FE1                           btemp 0015                           start 080E  
                 ___param_bank 000000                          ??_isr 000E                          ?_main 000E  
                        _CCPR1 000FBE                          _CCPR2 000FBB                          _T1CON 000FCD  
                        _T3CON 000FB1                          i2l204 0A3C                          i2l205 0A60  
                        i2l207 0A62                          _PORTB 000F81                          _PORTC 000F82  
                        _PORTD 000F83                          _TRISB 000F93                          _TRISC 000F94  
                        _TRISD 000F95                          tablat 000FF5          __end_of_Timer1_Enable 0AD2  
                        ttemp5 0016                          ttemp6 0019                          ttemp7 001D  
                        status 000FD8                          wtemp8 0016    __end_of_Timer1_Init_Default 0AB6  
              __initialization 0A66                   __end_of_main 09EA                         ??_main 0012  
                __activetblptr 000002                         _ADCON1 000FC1                         i2l1340 0A08  
                       i2l1350 0A48                         i2l1342 0A18                         i2l1352 0A58  
                       i2l1344 0A2C                         i2l1336 09EC                         i2l1346 0A40  
                       i2l1338 09FA                         i2l1348 0A46                   __pdataCOMRAM 0001  
                       tblptrh 000FF7                         tblptrl 000FF6                         tblptru 000FF8  
                   __accesstop 0080        __end_of__initialization 0A92                  ___rparam_used 000001  
               __pcstackCOMRAM 000E  Timer1_Init_Default@period_val 0010                  _init_complete 000B  
                   __pnvCOMRAM 0014                        _CCP1CON 000FBD                        _CCP2CON 000FBA  
                      i2u30_40 0A58                        i2u30_41 0A54                        i2u25_40 09FA  
                      i2u25_41 09F6                        i2u26_40 0A08                        i2u26_41 0A04  
                      i2u27_40 0A18                        i2u27_41 0A14                        i2u28_40 0A2C  
                      i2u28_41 0A28                        i2u29_40 0A3C                        i2u29_41 0A38  
                      __Hparam 0000                        __Lparam 0000                        __pcinit 0A66  
                      __ramtop 1000                        __ptext0 0812                        __ptext1 0AA0  
                      __ptext2 0AB6                        __ptext3 0ACE                   __size_of_isr 025E  
               __pintcode_body 09EA           end_of_initialization 0A92                  __Lmediumconst 0000  
                      int_func 09EA                     _shift_mode 000A                        postdec1 000FE5  
                      postinc0 000FEE   __size_of_Timer1_Init_Default 0016                      _PORTBbits 000F81  
                    _PORTDbits 000F83         __size_of_Timer1_Enable 0004                _address_counter 0009  
                 _CURRENT_DISP 000D               _current_func_set 0004              _CCP1_Init_Default 0AB6  
                __pidataCOMRAM 0AC6             ?_CCP1_Init_Default 000E            start_initialization 0A66  
                  __end_of_isr 0A66            ??_CCP1_Init_Default 0010          _reset_comp_count_flag 0014  
                _Timer1_Enable 0ACE      __end_of_CCP1_Init_Default 0AC6          _ccp_compare_val_final 0001  
                  __pbssCOMRAM 0008                 ?_Timer1_Enable 000E                      __pintcode 0808  
                    _disp_16x2 0006            _Timer1_Init_Default 0AA0                       _LATCbits 000F8B  
                     _PIE1bits 000F9D                       _PIE2bits 000FA0                  _DISP_BIT_MODE 000C  
                     _PIR1bits 000F9E     __size_of_CCP1_Init_Default 0010           ?_Timer1_Init_Default 0010  
              ??_Timer1_Enable 000E                      copy_data0 0A7A                       __Hrparam 0000  
    CCP1_Init_Default@comp_val 000E                       __Lrparam 0000          ??_Timer1_Init_Default 0012  
                __size_of_main 01D8                       int$flags 0015                     _INTCONbits 000FF2  
                     intlevel2 0000                  _compare_count 0008              _current_disp_ctrl 0007  
